<?xml version="1.0" encoding="UTF-8"?>
<!-- Generated by org.testng.reporters.JUnitReportReporter -->
<testsuite hostname="IN1244374W2" failures="0" tests="1" name="baseclasspageobjectmodel.RegisterTest" time="17.942" errors="0" timestamp="26 Jul 2019 15:26:43 GMT">
  <testcase classname="baseclasspageobjectmodel.RegisterTest" name="registertest" time="17.942"/>
</testsuite> <!-- baseclasspageobjectmodel.RegisterTest -->
