<?xml version="1.0" encoding="UTF-8"?>
<!-- Generated by org.testng.reporters.JUnitReportReporter -->
<testsuite hostname="IN1244374W2" failures="0" tests="1" name="secondtestngparameters.TestngParameters" time="38.198" errors="0" timestamp="20 Jul 2019 11:00:30 GMT" skipped="0">
  <testcase classname="secondtestngparameters.TestngParameters" name="navigate_url" time="38.198"/>
</testsuite> <!-- secondtestngparameters.TestngParameters -->
