<?xml version="1.0" encoding="UTF-8"?>
<!-- Generated by org.testng.reporters.JUnitReportReporter -->
<testsuite hostname="IN1244374W2" failures="0" tests="1" name="tests.LoginPageTest" time="8.787" errors="0" timestamp="29 Jul 2019 06:27:03 GMT">
  <testcase classname="tests.LoginPageTest" name="logintest" time="8.787"/>
</testsuite> <!-- tests.LoginPageTest -->
