<?xml version="1.0" encoding="UTF-8"?>
<!-- Generated by org.testng.reporters.JUnitReportReporter -->
<testsuite hostname="IN1244374W2" failures="0" tests="1" name="tests.AuthenticationPageTest" time="7.492" errors="0" timestamp="29 Jul 2019 06:27:03 GMT">
  <testcase classname="tests.AuthenticationPageTest" name="authenticationtest" time="7.492"/>
</testsuite> <!-- tests.AuthenticationPageTest -->
