<?xml version="1.0" encoding="UTF-8"?>
<!-- Generated by org.testng.reporters.JUnitReportReporter -->
<testsuite hostname="IN1244374W2" failures="0" tests="1" name="pageobjectmodelbaseclasssecondexample.RegisterTest" time="11.675" errors="0" timestamp="26 Jul 2019 07:03:00 GMT">
  <testcase classname="pageobjectmodelbaseclasssecondexample.RegisterTest" name="login_test" time="11.675"/>
</testsuite> <!-- pageobjectmodelbaseclasssecondexample.RegisterTest -->
