<?xml version="1.0" encoding="UTF-8"?>
<!-- Generated by org.testng.reporters.JUnitReportReporter -->
<testsuite hostname="IN1244374W2" failures="0" tests="1" name="pageobjectmodelbaseclass.RegisterTest" time="13.402" errors="0" timestamp="26 Jul 2019 04:19:36 GMT">
  <testcase classname="pageobjectmodelbaseclass.RegisterTest" name="register_test" time="13.402"/>
</testsuite> <!-- pageobjectmodelbaseclass.RegisterTest -->
