<?xml version="1.0" encoding="UTF-8"?>
<!-- Generated by org.testng.reporters.JUnitReportReporter -->
<testsuite hostname="IN1244374W2" failures="0" tests="1" name="reportexample.ExtentReportExample" time="11.746" errors="0" timestamp="29 Jul 2019 15:54:25 GMT">
  <testcase classname="reportexample.ExtentReportExample" name="test_googlepage" time="11.746"/>
</testsuite> <!-- reportexample.ExtentReportExample -->
