<?xml version="1.0" encoding="UTF-8"?>
<!-- Generated by org.testng.reporters.JUnitReportReporter -->
<testsuite hostname="IN1244374W2" failures="0" tests="1" name="thirdtestngparameters.LambdaTestTestNG" time="45.960" errors="0" timestamp="20 Jul 2019 11:17:24 GMT">
  <testcase classname="thirdtestngparameters.LambdaTestTestNG" name="test_login_page" time="45.960"/>
</testsuite> <!-- thirdtestngparameters.LambdaTestTestNG -->
