<?xml version="1.0" encoding="UTF-8"?>
<!-- Generated by org.testng.reporters.JUnitReportReporter -->
<testsuite hostname="IN1244374W2" failures="0" tests="1" name="objectrepositoryexample.TestConfigFile" time="19.587" errors="0" timestamp="28 Jul 2019 15:45:35 GMT">
  <testcase classname="objectrepositoryexample.TestConfigFile" name="testURL" time="19.587"/>
</testsuite> <!-- objectrepositoryexample.TestConfigFile -->
