<?xml version="1.0" encoding="UTF-8"?>
<!-- Generated by org.testng.reporters.JUnitReportReporter -->
<testsuite hostname="IN1244374W2" failures="0" tests="1" name="reportbaseclassconfiguration.LoginPageTest" time="3.280" errors="0" timestamp="29 Jul 2019 09:36:32 GMT" skipped="0">
  <testcase classname="reportbaseclassconfiguration.LoginPageTest" name="logintest" time="3.280"/>
</testsuite> <!-- reportbaseclassconfiguration.LoginPageTest -->
