<?xml version="1.0" encoding="UTF-8"?>
<!-- Generated by org.testng.reporters.JUnitReportReporter -->
<testsuite hostname="IN1244374W2" failures="0" tests="3" name="testingparallel.ParallelBrowserTesting" time="116.686" errors="0" timestamp="20 Jul 2019 14:23:10 GMT">
  <testcase classname="testingparallel.ParallelBrowserTesting" name="executiontwo" time="46.788"/>
  <testcase classname="testingparallel.ParallelBrowserTesting" name="executionone" time="16.694"/>
  <testcase classname="testingparallel.ParallelBrowserTesting" name="executionthree" time="53.204"/>
</testsuite> <!-- testingparallel.ParallelBrowserTesting -->
