<?xml version="1.0" encoding="UTF-8"?>
<!-- Generated by org.testng.reporters.JUnitReportReporter -->
<testsuite hostname="IN1244374W2" failures="0" tests="1" name="pagefactorymodelexample.TestNGExample" time="11.142" errors="0" timestamp="23 Jul 2019 05:22:10 GMT">
  <testcase classname="pagefactorymodelexample.TestNGExample" name="github_register" time="11.142"/>
</testsuite> <!-- pagefactorymodelexample.TestNGExample -->
